[ERROR] 2023-05-05 13:29:00.196 [main] CommonLib - Element Not Found
[INFO ] 2023-05-05 13:31:13.360 [main] CommonLib - Element Clicking
[INFO ] 2023-05-05 13:31:13.406 [main] CommonLib - Element Clicked
[INFO ] 2023-05-05 13:31:59.275 [main] CommonLib - Element Clicking
[INFO ] 2023-05-05 13:31:59.519 [main] CommonLib - Element Clicked
[INFO ] 2023-05-05 13:43:12.192 [main] MainLogger - &s is launched on http://localhost:4444/
[INFO ] 2023-05-05 13:43:12.202 [main] MainLogger - Maximized firefox window
[INFO ] 2023-05-05 13:43:13.932 [main] MainLogger - Launched http://demo.seleniumeasy.com/ URL
[INFO ] 2023-05-05 13:43:13.956 [main] MainLogger - Element Clicking
[INFO ] 2023-05-05 13:43:14.194 [main] MainLogger - Element Clicked
[INFO ] 2023-05-05 13:44:40.888 [main] MainLogger - &s is launched on http://localhost:4444/
[INFO ] 2023-05-05 13:44:41.009 [main] MainLogger - Maximized edge window
[INFO ] 2023-05-05 13:44:43.907 [main] MainLogger - Launched http://demo.seleniumeasy.com/ URL
[INFO ] 2023-05-05 13:44:43.925 [main] MainLogger - Element Clicking
[INFO ] 2023-05-05 13:44:43.971 [main] MainLogger - Element Clicked
[INFO ] 2023-05-05 13:46:12.002 [main] MainLogger - &s is launched on http://localhost:4444/
[INFO ] 2023-05-05 13:46:12.138 [main] MainLogger - Maximized edge window
[INFO ] 2023-05-05 13:46:14.776 [main] MainLogger - Launched http://demo.seleniumeasy.com/ URL
[INFO ] 2023-05-05 13:46:14.797 [main] MainLogger - Element Clicking
[INFO ] 2023-05-05 13:46:14.842 [main] MainLogger - Element Clicked
[INFO ] 2023-05-05 13:50:25.903 [main] MainLogger - &s is launched on http://localhost:4444/
[INFO ] 2023-05-05 13:50:26.039 [main] MainLogger - Maximized edge window
[INFO ] 2023-05-05 13:50:27.974 [main] MainLogger - Launched http://demo.seleniumeasy.com/ URL
[INFO ] 2023-05-05 13:50:27.995 [main] MainLogger - Element Clicking
[INFO ] 2023-05-05 13:50:28.041 [main] MainLogger - Element Clicked
[INFO ] 2023-05-05 13:51:42.582 [main] MainLogger - http://localhost:4444/ is launched on edge
[INFO ] 2023-05-05 13:51:42.718 [main] MainLogger - Maximized edge window
[INFO ] 2023-05-05 13:51:44.665 [main] MainLogger - Launched http://demo.seleniumeasy.com/ URL
[INFO ] 2023-05-05 13:51:44.683 [main] MainLogger - Element Clicking
[INFO ] 2023-05-05 13:51:44.729 [main] MainLogger - Element Clicked
[INFO ] 2023-05-05 13:56:10.915 [main] MainLogger - Serever URL http://localhost:4444/ is launched on edge
[INFO ] 2023-05-05 13:56:11.052 [main] MainLogger - Maximized edge window
[INFO ] 2023-05-05 13:56:15.292 [main] MainLogger - Launched application on http://demo.seleniumeasy.com/ URL
[INFO ] 2023-05-05 13:56:15.372 [main] MainLogger - Element Clicked: [[RemoteWebDriver: msedge on WINDOWS (47daca21d591985fda6ce6767b783370)] -> xpath: //a[@id='basic_example']/span]
[INFO ] 2023-05-05 13:58:12.109 [main] MainLogger - Server URL http://localhost:4444/ is launched on firefox
[INFO ] 2023-05-05 13:58:12.120 [main] MainLogger - Maximized firefox window
[INFO ] 2023-05-05 13:58:13.580 [main] MainLogger - Launched application on http://demo.seleniumeasy.com/ URL
[INFO ] 2023-05-05 13:58:13.845 [main] MainLogger - Element Clicked: [[RemoteWebDriver: firefox on WINDOWS (7d8a1a69-b4d7-4484-abda-92d0aaf4e52a)] -> xpath: //a[@id='basic_example']/span]
[INFO ] 2023-05-05 13:59:12.617 [main] MainLogger - Server URL http://localhost:4444/ is launched on edge
[INFO ] 2023-05-05 13:59:12.753 [main] MainLogger - Maximized edge window
[INFO ] 2023-05-05 13:59:15.723 [main] MainLogger - Launched application on http://demo.seleniumeasy.com/ URL
[ERROR] 2023-05-05 13:59:15.769 [main] MainLogger - Element not FOUND : Proxy element for: DefaultElementLocator 'By.xpath: //a[@id='basic_example']/spann' 
[INFO ] 2023-05-05 14:30:25.911 [main] MainLogger - Server URL http://localhost:4444/ is launched on edge
[INFO ] 2023-05-05 14:30:26.035 [main] MainLogger - Maximized edge window
[INFO ] 2023-05-05 14:30:28.371 [main] MainLogger - Launched application on http://demo.seleniumeasy.com/ URL
[ERROR] 2023-05-05 14:30:28.422 [main] MainLogger - Element not FOUND : Proxy element for: DefaultElementLocator 'By.xpath: //a[@id='basic_example']/spann' 
[INFO ] 2023-05-05 14:31:12.342 [main] MainLogger - Server URL http://localhost:4444/ is launched on firefox
[INFO ] 2023-05-05 14:31:12.353 [main] MainLogger - Maximized firefox window
[INFO ] 2023-05-05 14:31:13.751 [main] MainLogger - Launched application on http://demo.seleniumeasy.com/ URL
[INFO ] 2023-05-05 14:31:14.020 [main] MainLogger - Element Clicked: [[RemoteWebDriver: firefox on WINDOWS (53082533-6d8f-485a-8319-33ac9a7fb02c)] -> xpath: //a[@id='basic_example']/span]
[INFO ] 2023-05-05 17:35:26.447 [main] MainLogger - Server URL http://localhost:4444/ is launched on firefox
[INFO ] 2023-05-05 17:35:26.463 [main] MainLogger - Maximized firefox window
[INFO ] 2023-05-05 17:35:28.002 [main] MainLogger - Launched application on http://demo.seleniumeasy.com/ URL
[INFO ] 2023-05-05 17:35:28.274 [main] MainLogger - Element Clicked: [[RemoteWebDriver: firefox on WINDOWS (ed3bf206-2ab9-4f56-904b-791e11fbed76)] -> xpath: //a[@id='basic_example']/span]
[INFO ] 2023-05-05 17:35:28.519 [main] MainLogger - Element Clicked: Proxy element for: DefaultElementLocator 'By.linkText: Simple Form Demo'
[INFO ] 2023-05-05 18:22:12.876 [main] MainLogger - Server URL http://localhost:4444/ is launched on edge
[INFO ] 2023-05-05 18:22:13.023 [main] MainLogger - Maximized edge window
[INFO ] 2023-05-05 18:22:15.138 [main] MainLogger - Launched application on http://demo.seleniumeasy.com/ URL
[INFO ] 2023-05-05 18:22:15.223 [main] MainLogger - Element Clicked: [[RemoteWebDriver: msedge on WINDOWS (d3d64b20198a1fc574c9fb41917b16c4)] -> xpath: //a[@id='basic_example']/span]
[ERROR] 2023-05-05 18:22:15.272 [main] MainLogger - Element not FOUND : Proxy element for: DefaultElementLocator 'By.linkText: Simple Form Demo' 
[INFO ] 2023-05-05 18:23:59.016 [main] MainLogger - Server URL http://localhost:4444/ is launched on firefox
[INFO ] 2023-05-05 18:23:59.028 [main] MainLogger - Maximized firefox window
[INFO ] 2023-05-05 18:24:00.782 [main] MainLogger - Launched application on http://demo.seleniumeasy.com/ URL
[INFO ] 2023-05-05 18:24:01.058 [main] MainLogger - Element Clicked: [[RemoteWebDriver: firefox on WINDOWS (125b1187-8624-4c8f-a0d7-b01dd4222acd)] -> xpath: //a[@id='basic_example']/span]
[INFO ] 2023-05-05 18:24:01.309 [main] MainLogger - Element Clicked: Proxy element for: DefaultElementLocator 'By.linkText: Simple Form Demo'
[ERROR] 2023-05-05 18:24:01.388 [main] MainLogger - Element not FOUND : Proxy element for: DefaultElementLocator 'By.linkText: Simple Form Demo' 
[INFO ] 2023-05-05 18:24:44.334 [main] MainLogger - Server URL http://localhost:4444/ is launched on edge
[INFO ] 2023-05-05 18:24:44.470 [main] MainLogger - Maximized edge window
[INFO ] 2023-05-05 18:24:46.698 [main] MainLogger - Launched application on http://demo.seleniumeasy.com/ URL
[INFO ] 2023-05-05 18:24:46.780 [main] MainLogger - Element Clicked: [[RemoteWebDriver: msedge on WINDOWS (5c121cd4717f4bd9b4342686a0993610)] -> xpath: //a[@id='basic_example']/span]
[ERROR] 2023-05-05 18:24:46.829 [main] MainLogger - Element not FOUND : Proxy element for: DefaultElementLocator 'By.linkText: Simple Form Demo' 
[INFO ] 2023-05-05 18:26:29.337 [main] MainLogger - Server URL http://localhost:4444/ is launched on edge
[INFO ] 2023-05-05 18:26:29.472 [main] MainLogger - Maximized edge window
[INFO ] 2023-05-05 18:26:31.535 [main] MainLogger - Launched application on http://demo.seleniumeasy.com/ URL
[INFO ] 2023-05-05 18:26:31.615 [main] MainLogger - Element Clicked: [[RemoteWebDriver: msedge on WINDOWS (065f42b721b50a0bb21ca76849b41fce)] -> xpath: //a[@id='basic_example']/span]
[ERROR] 2023-05-05 18:26:31.664 [main] MainLogger - Element not FOUND : Proxy element for: DefaultElementLocator 'By.linkText: Simple Form Demo' 
[INFO ] 2023-05-05 18:30:57.644 [main] MainLogger - Server URL http://localhost:4444/ is launched on edge
[INFO ] 2023-05-05 18:30:57.781 [main] MainLogger - Maximized edge window
[INFO ] 2023-05-05 18:30:59.321 [main] MainLogger - Launched application on http://demo.seleniumeasy.com/ URL
[INFO ] 2023-05-05 18:30:59.403 [main] MainLogger - Element Clicked: [[RemoteWebDriver: msedge on WINDOWS (530f2f04c79e27337ae4561bcd8f5e51)] -> xpath: //a[@id='basic_example']/span]
[ERROR] 2023-05-05 18:30:59.452 [main] MainLogger - Element not FOUND : Proxy element for: DefaultElementLocator 'By.linkText: Simple Form Demo' 
[INFO ] 2023-05-05 18:32:59.335 [main] MainLogger - Server URL http://localhost:4444/ is launched on edge
[INFO ] 2023-05-05 18:32:59.498 [main] MainLogger - Maximized edge window
[INFO ] 2023-05-05 18:33:02.993 [main] MainLogger - Launched application on http://demo.seleniumeasy.com/ URL
[INFO ] 2023-05-05 18:33:03.093 [main] MainLogger - Element Clicked: [[RemoteWebDriver: msedge on WINDOWS (78f3e40401c59c58398e56482ef06229)] -> xpath: //a[@id='basic_example']/span]
[ERROR] 2023-05-05 18:33:03.149 [main] MainLogger - Element not FOUND : Proxy element for: DefaultElementLocator 'By.linkText: Simple Form Demo' 
[INFO ] 2023-05-05 18:33:59.330 [main] MainLogger - Server URL http://localhost:4444/ is launched on edge
[INFO ] 2023-05-05 18:33:59.460 [main] MainLogger - Maximized edge window
[INFO ] 2023-05-05 18:34:01.208 [main] MainLogger - Launched application on http://demo.seleniumeasy.com/ URL
[INFO ] 2023-05-05 18:34:01.299 [main] MainLogger - Element Clicked: [[RemoteWebDriver: msedge on WINDOWS (dbba2b1e56b4c35876999aa27a2c5f24)] -> xpath: //a[@id='basic_example']/span]
[ERROR] 2023-05-05 18:34:01.349 [main] MainLogger - Element not FOUND : Proxy element for: DefaultElementLocator 'By.linkText: Simple Form Demo' 
[INFO ] 2023-05-05 18:34:29.338 [main] MainLogger - Server URL http://localhost:4444/ is launched on edge
[INFO ] 2023-05-05 18:34:29.474 [main] MainLogger - Maximized edge window
[INFO ] 2023-05-05 18:34:31.457 [main] MainLogger - Launched application on http://demo.seleniumeasy.com/ URL
[INFO ] 2023-05-05 18:34:31.539 [main] MainLogger - Element Clicked: [[RemoteWebDriver: msedge on WINDOWS (e05f60185299580296c9d311c8a75d36)] -> xpath: //a[@id='basic_example']/span]
[ERROR] 2023-05-05 18:34:31.586 [main] MainLogger - Element not FOUND : Proxy element for: DefaultElementLocator 'By.linkText: Simple Form Demo' 
[INFO ] 2023-05-05 18:37:12.645 [main] MainLogger - Server URL http://localhost:4444/ is launched on edge
[INFO ] 2023-05-05 18:37:12.781 [main] MainLogger - Maximized edge window
[INFO ] 2023-05-05 18:37:15.523 [main] MainLogger - Launched application on http://demo.seleniumeasy.com/ URL
[INFO ] 2023-05-05 18:37:15.601 [main] MainLogger - Element Clicked: [[RemoteWebDriver: msedge on WINDOWS (b6bba6fb1cfc1a51515c6ab6c16223d6)] -> xpath: //a[@id='basic_example']/span]
[ERROR] 2023-05-05 18:37:15.653 [main] MainLogger - Element not FOUND : Proxy element for: DefaultElementLocator 'By.linkText: Simple Form Demo' 
[INFO ] 2023-05-05 18:38:59.360 [main] MainLogger - Server URL http://localhost:4444/ is launched on edge
[INFO ] 2023-05-05 18:38:59.503 [main] MainLogger - Maximized edge window
[INFO ] 2023-05-05 18:39:01.961 [main] MainLogger - Launched application on http://demo.seleniumeasy.com/ URL
[INFO ] 2023-05-05 18:39:44.415 [main] MainLogger - Server URL http://localhost:4444/ is launched on firefox
[INFO ] 2023-05-05 18:39:44.426 [main] MainLogger - Maximized firefox window
[INFO ] 2023-05-05 18:39:46.591 [main] MainLogger - Launched application on http://demo.seleniumeasy.com/ URL
[INFO ] 2023-05-05 18:39:46.869 [main] MainLogger - Element Clicked: [[RemoteWebDriver: firefox on WINDOWS (db492046-5eb8-4116-a832-edfe82b3bac5)] -> xpath: //a[@id='basic_example']/span]
[INFO ] 2023-05-05 18:41:44.316 [main] MainLogger - Server URL http://localhost:4444/ is launched on edge
[INFO ] 2023-05-05 18:41:44.444 [main] MainLogger - Maximized edge window
[INFO ] 2023-05-05 18:41:46.413 [main] MainLogger - Launched application on http://demo.seleniumeasy.com/ URL
[INFO ] 2023-05-05 18:41:46.496 [main] MainLogger - Element Clicked: [[RemoteWebDriver: msedge on WINDOWS (88b17ae54e9c8557f8d78969f2d2876a)] -> xpath: //a[@id='basic_example']/span]
[INFO ] 2023-05-05 18:44:27.675 [main] MainLogger - Server URL http://localhost:4444/ is launched on edge
[INFO ] 2023-05-05 18:44:27.823 [main] MainLogger - Maximized edge window
[INFO ] 2023-05-05 18:44:30.015 [main] MainLogger - Launched application on http://demo.seleniumeasy.com/ URL
[INFO ] 2023-05-05 18:44:30.095 [main] MainLogger - Element Clicked: [[RemoteWebDriver: msedge on WINDOWS (d771ee08e204d78d0172c0449fea111c)] -> xpath: //a[@id='basic_example']/span]
[INFO ] 2023-05-05 18:44:30.118 [main] MainLogger - **************************************
[INFO ] 2023-05-05 18:44:30.118 [main] MainLogger - Text [] matched with [AJAYk]
[INFO ] 2023-05-05 18:47:14.854 [main] MainLogger - Server URL http://localhost:4444/ is launched on edge
[INFO ] 2023-05-05 18:47:14.984 [main] MainLogger - Maximized edge window
[INFO ] 2023-05-05 18:47:16.585 [main] MainLogger - Launched application on http://demo.seleniumeasy.com/ URL
[INFO ] 2023-05-05 18:47:16.664 [main] MainLogger - Element Clicked: [[RemoteWebDriver: msedge on WINDOWS (68c43d955464e650c1cc51b2daa335a0)] -> xpath: //a[@id='basic_example']/span]
[INFO ] 2023-05-05 18:47:16.688 [main] MainLogger - **************************************
[INFO ] 2023-05-05 18:47:16.688 [main] MainLogger - Text [] matched with [AJAYk]
[INFO ] 2023-05-05 18:50:42.636 [main] MainLogger - Server URL http://localhost:4444/ is launched on edge
[INFO ] 2023-05-05 18:50:42.769 [main] MainLogger - Maximized edge window
[INFO ] 2023-05-05 18:50:45.141 [main] MainLogger - Launched application on http://demo.seleniumeasy.com/ URL
[INFO ] 2023-05-05 18:50:45.220 [main] MainLogger - Element Clicked: [[RemoteWebDriver: msedge on WINDOWS (cad98b6aaa37926e3ee83ec20f130057)] -> xpath: //a[@id='basic_example']/span]
[INFO ] 2023-05-05 19:02:12.641 [main] MainLogger - Server URL http://localhost:4444/ is launched on edge
[INFO ] 2023-05-05 19:02:12.777 [main] MainLogger - Maximized edge window
[INFO ] 2023-05-05 19:02:14.460 [main] MainLogger - Launched application on http://demo.seleniumeasy.com/ URL
[INFO ] 2023-05-05 19:02:14.541 [main] MainLogger - Element Clicked: [[RemoteWebDriver: msedge on WINDOWS (99158d60e5fd4dd91ee142b6a55ecd43)] -> xpath: //a[@id='basic_example']/span]
[INFO ] 2023-05-05 19:15:27.651 [main] MainLogger - Server URL http://localhost:4444/ is launched on edge
[INFO ] 2023-05-05 19:15:27.775 [main] MainLogger - Maximized edge window
[INFO ] 2023-05-05 19:15:29.567 [main] MainLogger - Launched application on http://demo.seleniumeasy.com/ URL
[INFO ] 2023-05-05 19:15:29.645 [main] MainLogger - Element Clicked: [[RemoteWebDriver: msedge on WINDOWS (cf2a8ae1a6c11017c78afe02595415dc)] -> xpath: //a[@id='basic_example']/span]
[INFO ] 2023-05-05 19:19:29.340 [main] MainLogger - Server URL http://localhost:4444/ is launched on edge
[INFO ] 2023-05-05 19:19:29.475 [main] MainLogger - Maximized edge window
[INFO ] 2023-05-05 19:19:32.201 [main] MainLogger - Launched application on http://demo.seleniumeasy.com/ URL
[INFO ] 2023-05-05 19:20:29.084 [main] MainLogger - Server URL http://localhost:4444/ is launched on firefox
[INFO ] 2023-05-05 19:20:29.093 [main] MainLogger - Maximized firefox window
[INFO ] 2023-05-05 19:20:30.895 [main] MainLogger - Launched application on http://demo.seleniumeasy.com/ URL
[INFO ] 2023-05-05 19:24:42.641 [main] MainLogger - Server URL http://localhost:4444/ is launched on edge
[INFO ] 2023-05-05 19:24:42.782 [main] MainLogger - Maximized edge window
[INFO ] 2023-05-05 19:24:45.002 [main] MainLogger - Launched application on http://demo.seleniumeasy.com/ URL
[INFO ] 2023-05-05 19:26:14.331 [main] MainLogger - Server URL http://localhost:4444/ is launched on edge
[INFO ] 2023-05-05 19:26:14.468 [main] MainLogger - Maximized edge window
[INFO ] 2023-05-05 19:26:18.156 [main] MainLogger - Launched application on http://demo.seleniumeasy.com/ URL
[INFO ] 2023-05-05 19:27:59.326 [main] MainLogger - Server URL http://localhost:4444/ is launched on edge
[INFO ] 2023-05-05 19:27:59.460 [main] MainLogger - Maximized edge window
[INFO ] 2023-05-05 19:28:01.379 [main] MainLogger - Launched application on http://demo.seleniumeasy.com/ URL
